2019-03-05 10:25:56,042 INFO o.a.j.u.JMeterUtils: Setting Locale to en_EN
2019-03-05 10:25:56,072 INFO o.a.j.JMeter: Loading user properties from: E:\apache-jmeter-5.0\bin\user.properties
2019-03-05 10:25:56,072 INFO o.a.j.JMeter: Loading system properties from: E:\apache-jmeter-5.0\bin\system.properties
2019-03-05 10:25:56,081 INFO o.a.j.JMeter: Copyright (c) 1998-2018 The Apache Software Foundation
2019-03-05 10:25:56,081 INFO o.a.j.JMeter: Version 5.0 r1840935
2019-03-05 10:25:56,081 INFO o.a.j.JMeter: java.version=1.8.0_65
2019-03-05 10:25:56,081 INFO o.a.j.JMeter: java.vm.name=Java HotSpot(TM) 64-Bit Server VM
2019-03-05 10:25:56,081 INFO o.a.j.JMeter: os.name=Windows 7
2019-03-05 10:25:56,081 INFO o.a.j.JMeter: os.arch=amd64
2019-03-05 10:25:56,082 INFO o.a.j.JMeter: os.version=6.1
2019-03-05 10:25:56,082 INFO o.a.j.JMeter: file.encoding=Cp1252
2019-03-05 10:25:56,082 INFO o.a.j.JMeter: Max memory     =4294967296
2019-03-05 10:25:56,082 INFO o.a.j.JMeter: Available Processors =4
2019-03-05 10:25:56,098 INFO o.a.j.JMeter: Default Locale=English (EN)
2019-03-05 10:25:56,098 INFO o.a.j.JMeter: JMeter  Locale=English (EN)
2019-03-05 10:25:56,098 INFO o.a.j.JMeter: JMeterHome=E:\apache-jmeter-5.0
2019-03-05 10:25:56,098 INFO o.a.j.JMeter: user.dir  =E:\eclipse\eclipse-workspace\PerformanceAutomation
2019-03-05 10:25:56,098 INFO o.a.j.JMeter: PWD       =E:\eclipse\eclipse-workspace\PerformanceAutomation
2019-03-05 10:25:56,103 INFO o.a.j.JMeter: IP: 192.168.56.1 Name: hydlpt091 FullName: hydlpt091.vistarait.com
2019-03-05 10:25:56,103 INFO o.a.j.JMeter: Setting property 'jmeter.reportgenerator.outputdir' to:'E:\apache-jmeter-5.0\bin\java_output\userCreationTest\20190305_102547AM\Dashboard'
2019-03-05 10:25:56,106 INFO o.a.j.r.d.ReportGenerator: ReportGenerator will use for Parsing the separator: ','
2019-03-05 10:25:56,106 INFO o.a.j.r.d.ReportGenerator: Will only generate report from results file: E:\apache-jmeter-5.0\bin\java_output\userCreationTest\20190305_102547AM\userCreationTest_20190305_102547AM_simpleDataWriter.csv
2019-03-05 10:25:56,106 INFO o.a.j.r.d.ReportGenerator: Reading report generator properties from: E:\apache-jmeter-5.0\bin\reportgenerator.properties
2019-03-05 10:25:56,107 INFO o.a.j.r.d.ReportGenerator: Merging with JMeter properties
2019-03-05 10:25:56,115 INFO o.a.j.r.c.ReportGeneratorConfiguration: Property 'jmeter.reportgenerator.temp_dir' not found, using default value 'temp' instead.
2019-03-05 10:25:56,126 INFO o.a.j.r.c.ReportGeneratorConfiguration: Property 'jmeter.reportgenerator.apdex_per_transaction' not found, using default value 'null' instead.
2019-03-05 10:25:56,131 INFO o.a.j.r.c.ReportGeneratorConfiguration: apdex_per_transaction : {} is empty, not APDEX per transaction customization
2019-03-05 10:25:56,131 INFO o.a.j.r.c.ReportGeneratorConfiguration: Property 'jmeter.reportgenerator.sample_filter' not found, using default value 'null' instead.
2019-03-05 10:25:56,131 INFO o.a.j.r.c.ReportGeneratorConfiguration: Property 'jmeter.reportgenerator.report_title' not found, using default value 'null' instead.
2019-03-05 10:25:56,131 INFO o.a.j.r.c.ReportGeneratorConfiguration: Property 'jmeter.reportgenerator.start_date' not found, using default value 'null' instead.
2019-03-05 10:25:56,131 INFO o.a.j.r.c.ReportGeneratorConfiguration: Property 'jmeter.reportgenerator.end_date' not found, using default value 'null' instead.
2019-03-05 10:25:56,131 INFO o.a.j.r.c.ReportGeneratorConfiguration: Property 'jmeter.reportgenerator.date_format' not found, using default value 'null' instead.
2019-03-05 10:25:56,131 INFO o.a.j.r.c.ReportGeneratorConfiguration: Will use date range start date: null, end date: null
2019-03-05 10:25:56,141 INFO o.a.j.r.c.ReportGeneratorConfiguration: Property 'jmeter.reportgenerator.graph.totalTPS.exclude_controllers' not found, using default value 'false' instead.
2019-03-05 10:25:56,141 INFO o.a.j.r.c.ReportGeneratorConfiguration: Property 'jmeter.reportgenerator.graph.activeThreadsOverTime.exclude_controllers' not found, using default value 'false' instead.
2019-03-05 10:25:56,141 INFO o.a.j.r.c.ReportGeneratorConfiguration: Property 'jmeter.reportgenerator.graph.timeVsThreads.exclude_controllers' not found, using default value 'false' instead.
2019-03-05 10:25:56,141 INFO o.a.j.r.c.ReportGeneratorConfiguration: Property 'jmeter.reportgenerator.graph.responseTimeDistribution.exclude_controllers' not found, using default value 'false' instead.
2019-03-05 10:25:56,141 INFO o.a.j.r.c.ReportGeneratorConfiguration: Property 'jmeter.reportgenerator.graph.transactionsPerSecond.exclude_controllers' not found, using default value 'false' instead.
2019-03-05 10:25:56,141 INFO o.a.j.r.c.ReportGeneratorConfiguration: Property 'jmeter.reportgenerator.graph.responseTimePercentiles.exclude_controllers' not found, using default value 'false' instead.
2019-03-05 10:25:56,141 INFO o.a.j.r.c.ReportGeneratorConfiguration: Property 'jmeter.reportgenerator.graph.responseTimePercentilesOverTime.exclude_controllers' not found, using default value 'false' instead.
2019-03-05 10:25:56,146 INFO o.a.j.r.c.ReportGeneratorConfiguration: Property 'jmeter.reportgenerator.graph.responseTimesOverTime.exclude_controllers' not found, using default value 'false' instead.
2019-03-05 10:25:56,146 INFO o.a.j.r.c.ReportGeneratorConfiguration: Property 'jmeter.reportgenerator.graph.connectTimeOverTime.exclude_controllers' not found, using default value 'false' instead.
2019-03-05 10:25:56,146 INFO o.a.j.r.c.ReportGeneratorConfiguration: Property 'jmeter.reportgenerator.graph.latenciesOverTime.exclude_controllers' not found, using default value 'false' instead.
2019-03-05 10:25:56,146 INFO o.a.j.r.c.ReportGeneratorConfiguration: Property 'jmeter.reportgenerator.exporter.html.filters_only_sample_series' not found, using default value 'true' instead.
2019-03-05 10:25:56,146 INFO o.a.j.r.c.ReportGeneratorConfiguration: Property 'jmeter.reportgenerator.exporter.html.series_filter' not found, using default value '' instead.
2019-03-05 10:25:56,146 INFO o.a.j.r.c.ReportGeneratorConfiguration: Property 'jmeter.reportgenerator.exporter.html.show_controllers_only' not found, using default value 'false' instead.
2019-03-05 10:25:56,364 INFO o.a.j.s.SaveService: Testplan (JMX) version: 2.2. Testlog (JTL) version: 2.2
2019-03-05 10:25:56,389 INFO o.a.j.s.SaveService: Using SaveService properties file encoding UTF-8
2019-03-05 10:25:56,394 INFO o.a.j.s.SaveService: Using SaveService properties version 5.0
2019-03-05 10:25:56,445 INFO o.a.j.r.p.NormalizerSampleConsumer: Using format, 'ms', to parse timeStamp field
2019-03-05 10:25:56,945 INFO o.a.j.r.p.AbstractSampleConsumer: class org.apache.jmeter.report.processor.AggregateConsumer#stopProducing(): beginDate produced 0 samples
2019-03-05 10:25:56,945 INFO o.a.j.r.p.AbstractSampleConsumer: class org.apache.jmeter.report.processor.AggregateConsumer#stopProducing(): endDate produced 0 samples
2019-03-05 10:25:56,950 INFO o.a.j.r.p.AbstractSampleConsumer: class org.apache.jmeter.report.processor.ApdexSummaryConsumer#stopProducing(): apdexSummary produced 0 samples
2019-03-05 10:25:56,950 INFO o.a.j.r.p.AbstractSampleConsumer: class org.apache.jmeter.report.processor.RequestsSummaryConsumer#stopProducing(): requestsSummary produced 0 samples
2019-03-05 10:25:56,960 INFO o.a.j.r.p.AbstractSampleConsumer: class org.apache.jmeter.report.processor.StatisticsSummaryConsumer#stopProducing(): statisticsSummary produced 0 samples
2019-03-05 10:25:56,970 INFO o.a.j.r.p.AbstractSampleConsumer: class org.apache.jmeter.report.processor.Top5ErrorsBySamplerConsumer#stopProducing(): top5ErrorsBySampler produced 0 samples
2019-03-05 10:25:56,970 INFO o.a.j.r.p.AbstractSampleConsumer: class org.apache.jmeter.report.processor.ErrorsSummaryConsumer#stopProducing(): errorsSummary produced 0 samples
2019-03-05 10:25:56,970 INFO o.a.j.r.p.AbstractSampleConsumer: class org.apache.jmeter.report.processor.graph.impl.HitsPerSecondGraphConsumer#stopProducing(): hitsPerSecond produced 0 samples
2019-03-05 10:25:56,995 INFO o.a.j.r.p.AbstractSampleConsumer: class org.apache.jmeter.report.processor.graph.impl.LatencyVSRequestGraphConsumer#stopProducing(): latencyVsRequest produced 0 samples
2019-03-05 10:25:56,995 INFO o.a.j.r.p.AbstractSampleConsumer: class org.apache.jmeter.report.processor.graph.impl.SyntheticResponseTimeDistributionGraphConsumer#stopProducing(): syntheticResponseTimeDistribution produced 0 samples
2019-03-05 10:25:56,995 INFO o.a.j.r.p.AbstractSampleConsumer: class org.apache.jmeter.report.processor.graph.impl.BytesThroughputGraphConsumer#stopProducing(): bytesThroughputOverTime produced 0 samples
2019-03-05 10:25:56,995 INFO o.a.j.r.p.AbstractSampleConsumer: class org.apache.jmeter.report.processor.graph.impl.CodesPerSecondGraphConsumer#stopProducing(): codesPerSecond produced 0 samples
2019-03-05 10:25:57,015 INFO o.a.j.r.p.AbstractSampleConsumer: class org.apache.jmeter.report.processor.graph.impl.ResponseTimeVSRequestGraphConsumer#stopProducing(): responseTimeVsRequest produced 0 samples
2019-03-05 10:25:57,016 INFO o.a.j.r.p.AbstractSampleConsumer: class org.apache.jmeter.report.processor.FilterConsumer#stopProducing(): startIntervalControlerFilter produced 210 samples
2019-03-05 10:25:57,016 INFO o.a.j.r.p.AbstractSampleConsumer: class org.apache.jmeter.report.processor.graph.impl.TotalTPSGraphConsumer#stopProducing(): totalTPS produced 0 samples
2019-03-05 10:25:57,016 INFO o.a.j.r.p.AbstractSampleConsumer: class org.apache.jmeter.report.processor.graph.impl.ActiveThreadsGraphConsumer#stopProducing(): activeThreadsOverTime produced 0 samples
2019-03-05 10:25:57,016 INFO o.a.j.r.p.AbstractSampleConsumer: class org.apache.jmeter.report.processor.graph.impl.TimeVSThreadGraphConsumer#stopProducing(): timeVsThreads produced 0 samples
2019-03-05 10:25:57,016 INFO o.a.j.r.p.AbstractSampleConsumer: class org.apache.jmeter.report.processor.graph.impl.ResponseTimeDistributionGraphConsumer#stopProducing(): responseTimeDistribution produced 0 samples
2019-03-05 10:25:57,016 INFO o.a.j.r.p.AbstractSampleConsumer: class org.apache.jmeter.report.processor.graph.impl.TransactionsPerSecondGraphConsumer#stopProducing(): transactionsPerSecond produced 0 samples
2019-03-05 10:25:57,016 INFO o.a.j.r.p.AbstractSampleConsumer: class org.apache.jmeter.report.processor.graph.impl.ResponseTimePercentilesGraphConsumer#stopProducing(): responseTimePercentiles produced 0 samples
2019-03-05 10:25:57,017 INFO o.a.j.r.p.AbstractSampleConsumer: class org.apache.jmeter.report.processor.graph.impl.ResponseTimePercentilesOverTimeGraphConsumer#stopProducing(): responseTimePercentilesOverTime produced 0 samples
2019-03-05 10:25:57,018 INFO o.a.j.r.p.AbstractSampleConsumer: class org.apache.jmeter.report.processor.graph.impl.ResponseTimeOverTimeGraphConsumer#stopProducing(): responseTimesOverTime produced 0 samples
2019-03-05 10:25:57,019 INFO o.a.j.r.p.AbstractSampleConsumer: class org.apache.jmeter.report.processor.graph.impl.ConnectTimeOverTimeGraphConsumer#stopProducing(): connectTimeOverTime produced 0 samples
2019-03-05 10:25:57,019 INFO o.a.j.r.p.AbstractSampleConsumer: class org.apache.jmeter.report.processor.graph.impl.LatencyOverTimeGraphConsumer#stopProducing(): latenciesOverTime produced 0 samples
2019-03-05 10:25:57,019 INFO o.a.j.r.p.AbstractSampleConsumer: class org.apache.jmeter.report.processor.FilterConsumer#stopProducing(): nameFilter produced 450 samples
2019-03-05 10:25:57,019 INFO o.a.j.r.p.AbstractSampleConsumer: class org.apache.jmeter.report.processor.FilterConsumer#stopProducing(): dateRangeFilter produced 90 samples
2019-03-05 10:25:57,019 INFO o.a.j.r.p.AbstractSampleConsumer: class org.apache.jmeter.report.processor.NormalizerSampleConsumer#stopProducing(): normalizer produced 30 samples
2019-03-05 10:25:57,020 INFO o.a.j.r.p.CsvFileSampleSource: produce(): 30 samples produced in 530ms on channel 0
2019-03-05 10:25:57,021 INFO o.a.j.r.d.ReportGenerator: Exporting data using exporter:'html' of className:'org.apache.jmeter.report.dashboard.HtmlTemplateExporter'
2019-03-05 10:25:57,029 INFO o.a.j.r.d.HtmlTemplateExporter: Will generate dashboard in folder: E:\apache-jmeter-5.0\bin\java_output\userCreationTest\20190305_102547AM\Dashboard
2019-03-05 10:25:57,146 INFO o.a.j.r.d.HtmlTemplateExporter: Report will be generated in: E:\apache-jmeter-5.0\bin\java_output\userCreationTest\20190305_102547AM\Dashboard, creating folder structure
